app/proguard-rules.pro
# Kotlin Serialization
-keepattributes *Annotation*, InnerClasses
-dontnote kotlinx.serialization.AnnotationsKt
-keepclassmembers class kotlinx.serialization.json.** { *** Companion; }
-keepclasseswithmembers class **$$serializer { *; }
-keep,includedescriptorclasses class com.leeam.cryptowidget.**$$serializer { *; }
-keepclassmembers class com.leeam.cryptowidget.** {
    *** Companion;
    kotlinx.serialization.KSerializer serializer(...);
}

# Retrofit + OkHttp
-dontwarn okhttp3.**
-dontwarn retrofit2.**
-keep class retrofit2.** { *; }
-keepattributes Signature
-keepattributes Exceptions

# Room
-keep class * extends androidx.room.RoomDatabase
-keep @androidx.room.Entity class *
-dontwarn androidx.room.paging.**

# Hilt
-keep class dagger.** { *; }
-keep class javax.inject.** { *; }
-keep @dagger.hilt.InstallIn class * { *; }
-keep @dagger.hilt.android.HiltAndroidApp class * { *; }

# Data models (serialized to DataStore/Room — must not be obfuscated)
-keep class com.leeam.cryptowidget.data.model.** { *; }
-keep class com.leeam.cryptowidget.data.local.** { *; }

# WorkManager
-keep class * extends androidx.work.Worker
-keep class * extends androidx.work.CoroutineWorker
-keep class * extends androidx.work.ListenableWorker {
    public <init>(android.content.Context, androidx.work.WorkerParameters);
}

# Keep all app classes safe
-keep class com.leeam.cryptowidget.** { *; }