app/build/outputs/mapping/release/seeds.txt
com.leeam.cryptowidget.data.local.AlertDao_Impl$10
com.leeam.cryptowidget.data.local.WidgetPreferences$special$$inlined$map$8
com.leeam.cryptowidget.data.model.SimplePriceResponse$$serializer
com.leeam.cryptowidget.CryptoWidgetApplication_HiltComponents$ActivityRetainedC
com.leeam.cryptowidget.data.local.AlertDatabase$Converters
com.leeam.cryptowidget.data.local.AlertRepository$checkAndFireAlerts$1
com.leeam.cryptowidget.data.local.AlertDao_Impl$6
com.leeam.cryptowidget.data.local.AlertDatabase_Impl
com.leeam.cryptowidget.data.model.MarketChartResponse$$serializer
com.leeam.cryptowidget.data.local.WidgetPreferences$setShowSparkline$2
com.leeam.cryptowidget.data.local.AlertDatabase
com.leeam.cryptowidget.ui.settings.SettingsViewModel$save$1
com.leeam.cryptowidget.ui.settings.SettingsViewModel$fetchLivePrice$1
com.leeam.cryptowidget.CryptoWidgetApplication_HiltComponents$ActivityCBuilderModule
com.leeam.cryptowidget.widget.WidgetUpdater
com.leeam.cryptowidget.ui.settings.SettingsActivityKt$SettingsScreen$3$1$5
com.leeam.cryptowidget.data.model.XrpScanAccountResponse$$serializer
com.leeam.cryptowidget.ui.settings.SettingsViewModel$collectAlerts$1
com.leeam.cryptowidget.data.local.WidgetPreferences$special$$inlined$map$2$2
com.leeam.cryptowidget.data.local.WidgetPreferences$special$$inlined$map$9
com.leeam.cryptowidget.CryptoWidgetApplication_HiltComponents$ViewC
com.leeam.cryptowidget.R$id
com.leeam.cryptowidget.ui.settings.SettingsViewModel$collectDiagnostics$1$1
com.leeam.cryptowidget.ui.settings.SettingsViewModel$loadPreferences$1$1
com.leeam.cryptowidget.data.local.WidgetPreferences$special$$inlined$map$10$2$1
com.leeam.cryptowidget.Hilt_CryptoWidgetApplication$1
com.leeam.cryptowidget.ui.settings.WidgetConfigActivity
com.leeam.cryptowidget.CryptoWidgetApplication_HiltComponents$ActivityC$Builder
com.leeam.cryptowidget.data.local.WidgetPreferences$special$$inlined$map$5$2$1
com.leeam.cryptowidget.CryptoWidgetApplication_HiltComponents$ServiceC$Builder
com.leeam.cryptowidget.CryptoWidgetApplication
com.leeam.cryptowidget.ui.settings.SettingsActivityKt$SettingsScreen$3$1$5$1$3$1
com.leeam.cryptowidget.ui.settings.SettingsActivityKt$SettingsScreen$3$1$3$1$1$2
com.leeam.cryptowidget.data.local.WidgetPreferences$special$$inlined$map$1
com.leeam.cryptowidget.ui.settings.SettingsViewModel
com.leeam.cryptowidget.data.model.CoinListItem$Companion
com.leeam.cryptowidget.data.repository.CryptoRepositoryImpl
com.leeam.cryptowidget.R$mipmap
com.leeam.cryptowidget.R$xml
com.leeam.cryptowidget.data.local.WidgetPreferences$recordWorkerResult$2
com.leeam.cryptowidget.CryptoWidgetApplication_HiltComponents
com.leeam.cryptowidget.CryptoWidgetApplication_ComponentTreeDeps
com.leeam.cryptowidget.ui.settings.ComposableSingletons$SettingsActivityKt$lambda-4$1
com.leeam.cryptowidget.data.local.AlertDao_Impl$4
com.leeam.cryptowidget.di.NetworkModule_ProvideCoinGeckoRetrofitFactory
com.leeam.cryptowidget.ui.settings.ComposableSingletons$SettingsActivityKt$lambda-6$1
com.leeam.cryptowidget.data.model.RipplePriceData
com.leeam.cryptowidget.R$style
com.leeam.cryptowidget.ui.settings.SettingsViewModel$testWallet$2
com.leeam.cryptowidget.DaggerCryptoWidgetApplication_HiltComponents_SingletonC$ActivityRetainedCImpl$SwitchingProvider
com.leeam.cryptowidget.ui.settings.SettingsActivityKt$SettingsScreen$3$1$4
com.leeam.cryptowidget.CryptoWidgetApplication$Companion
com.leeam.cryptowidget.di.RepositoryModule
com.leeam.cryptowidget.worker.PriceUpdateWorker_HiltModule
com.leeam.cryptowidget.data.remote.CoinGeckoService
com.leeam.cryptowidget.di.AppModule
com.leeam.cryptowidget.data.model.XrpAccountName$$serializer
com.leeam.cryptowidget.CryptoWidgetApplication_HiltComponents$ViewC$Builder
com.leeam.cryptowidget.ui.settings.SettingsViewModel$collectDiagnostics$1
com.leeam.cryptowidget.data.local.WidgetPreferences$Keys
com.leeam.cryptowidget.ui.settings.SettingsUiState
com.leeam.cryptowidget.ui.settings.SettingsActivity$special$$inlined$viewModels$default$2
...
androidx.compose.ui.layout.MeasuringIntrinsics$IntrinsicWidthHeight: androidx.compose.ui.layout.MeasuringIntrinsics$IntrinsicWidthHeight[] values()
androidx.work.ListenableWorker: int getRunAttemptCount()
androidx.datastore.preferences.protobuf.FieldType$Collection: androidx.datastore.preferences.protobuf.FieldType$Collection[] values()
dagger.hilt.internal.aggregatedroot.AggregatedRoot: java.lang.String[] rootSimpleNames()
androidx.appcompat.widget.AppCompatImageButton: void setSupportImageTintList(android.content.res.ColorStateList)
dagger.internal.MembersInjectors$NoOpMembersInjector: MembersInjectors$NoOpMembersInjector(java.lang.String,int)
com.google.android.material.chip.Chip: void setChipIconTintResource(int)
androidx.compose.ui.text.android.StaticLayoutFactory33: void setLineBreakConfig(android.text.StaticLayout$Builder,int,int)
com.google.android.material.internal.ClippableRoundedCornerLayout: float getCornerRadius()
androidx.compose.ui.platform.AbstractComposeView: void setViewCompositionStrategy(androidx.compose.ui.platform.ViewCompositionStrategy)
androidx.constraintlayout.widget.ConstraintAttribute$AttributeType: androidx.constraintlayout.widget.ConstraintAttribute$AttributeType[] values()
dagger.hilt.android.internal.managers.ActivityRetainedComponentManager$LifecycleModule: dagger.hilt.android.ActivityRetainedLifecycle provideActivityRetainedLifecycle()
androidx.activity.ComponentActivity: void onPictureInPictureModeChanged(boolean)
retrofit2.KotlinExtensions$await$2$2: KotlinExtensions$await$2$2(kotlinx.coroutines.CancellableContinuation)
androidx.lifecycle.ReportFragment$LifecycleCallbacks: void onActivityDestroyed(android.app.Activity)
retrofit2.ParameterHandler$QueryMap: void apply(retrofit2.RequestBuilder,java.lang.Object)
dagger.MembersInjector: void injectMembers(java.lang.Object)
retrofit2.http.QueryName: boolean encoded()
retrofit2.Utils: java.lang.reflect.Type getParameterLowerBound(int,java.lang.reflect.ParameterizedType)
androidx.appcompat.widget.SearchView$SearchAutoComplete: int getSearchViewTextMinWidthDp()
androidx.vectordrawable.graphics.drawable.VectorDrawableCompat$VFullPath: void setStrokeWidth(float)
kotlin.jvm.internal.FunctionReference: kotlin.reflect.KCallable computeReflected()
androidx.recyclerview.widget.RecyclerView: void setEdgeEffectFactory(androidx.recyclerview.widget.RecyclerView$EdgeEffectFactory)
androidx.room.RoomDatabase: java.util.concurrent.Executor getTransactionExecutor()
androidx.compose.ui.window.SecureFlagPolicy: androidx.compose.ui.window.SecureFlagPolicy[] values()
androidx.lifecycle.ProcessLifecycleOwner$attach$1$onActivityPreCreated$1: ProcessLifecycleOwner$attach$1$onActivityPreCreated$1(androidx.lifecycle.ProcessLifecycleOwner)
androidx.compose.material3.ScaffoldLayoutContent: androidx.compose.material3.ScaffoldLayoutContent valueOf(java.lang.String)
dagger.internal.SetFactory$Builder: SetFactory$Builder(int,int,dagger.internal.SetFactory$1)
dagger.hilt.internal.componenttreedeps.ComponentTreeDeps: java.lang.Class[] earlyEntryPointDeps()
androidx.transition.ViewUtilsApi22$Api29Impl: void setLeftTopRightBottom(android.view.View,int,int,int,int)
androidx.recyclerview.widget.RecyclerView: int getMaxFlingVelocity()
androidx.core.view.WindowInsetsCompat$Impl: int hashCode()
androidx.compose.foundation.text.input.internal.Api34LegacyPerformHandwritingGestureImpl: void performHandwritingGesture(androidx.compose.foundation.text.LegacyTextFieldState,androidx.compose.foundation.text.selection.TextFieldSelectionManager,android.view.inputmethod.HandwritingGesture,androidx.compose.ui.platform.ViewConfiguration,java.util.concurrent.Executor,java.util.function.IntConsumer,kotlin.jvm.functions.Function1)
androidx.core.app.RemoteActionCompatParcelizer: androidx.core.app.RemoteActionCompat read(androidx.versionedparcelable.VersionedParcel)
dagger.internal.MembersInjectors$NoOpMembersInjector: dagger.internal.MembersInjectors$NoOpMembersInjector[] $values()