app/build/outputs/mapping/release/usage.txt
com.leeam.cryptowidget.DaggerCryptoWidgetApplication_HiltComponents_SingletonC$ActivityCImpl$LazyClassKeyProvider:
    static void <clinit>()
com.leeam.cryptowidget.DaggerCryptoWidgetApplication_HiltComponents_SingletonC$ViewModelCImpl$LazyClassKeyProvider:
    static void <clinit>()
com.leeam.cryptowidget.DaggerCryptoWidgetApplication_HiltComponents_SingletonC-IA
com.leeam.cryptowidget.data.local.AlertDatabase$Converters:
    static void <clinit>()
com.leeam.cryptowidget.data.local.AlertDatabase:
    static void <clinit>()
com.leeam.cryptowidget.data.local.AlertEntity:
    static void <clinit>()
com.leeam.cryptowidget.data.local.AlertRepository:
    static void <clinit>()
com.leeam.cryptowidget.data.local.WidgetPreferences:
    static void <clinit>()
com.leeam.cryptowidget.data.model.CryptoWidgetData:
    static void <clinit>()
com.leeam.cryptowidget.data.repository.CryptoRepositoryImpl:
    static void <clinit>()
com.leeam.cryptowidget.di.NetworkModule$$InternalSyntheticLambda$1$4835075470f0dbcd9e4fa2fc50180c59a6c6a39f6454f26131fbb9a94b20ad85$0
com.leeam.cryptowidget.di.RepositoryModule:
    static void <clinit>()
com.leeam.cryptowidget.notifications.AlertNotifier:
    static void <clinit>()
com.leeam.cryptowidget.ui.settings.SettingsActivity:
    static void <clinit>()
com.leeam.cryptowidget.ui.settings.SettingsUiState:
    static void <clinit>()
com.leeam.cryptowidget.ui.settings.SettingsViewModel:
    static void <clinit>()
com.leeam.cryptowidget.ui.settings.WidgetConfigActivity:
    static void <clinit>()
com.leeam.cryptowidget.widget.CryptoWidgetProvider:
    static void <clinit>()
com.leeam.cryptowidget.worker.PriceUpdateWorker:
    static void <clinit>()
com.leeam.cryptowidget.worker.WorkScheduler:
    static void <clinit>()
...
androidx.compose.foundation.lazy.staggeredgrid.StaggeredGridCells$Adaptive
androidx.compose.foundation.lazy.staggeredgrid.StaggeredGridCells$Fixed
androidx.compose.foundation.lazy.staggeredgrid.StaggeredGridCells$FixedSize
androidx.compose.foundation.lazy.staggeredgrid.StaggeredGridCells
androidx.compose.foundation.lazy.staggeredgrid.StaggeredGridItemSpan$Companion
androidx.compose.foundation.lazy.staggeredgrid.StaggeredGridItemSpan
androidx.compose.foundation.pager.DefaultPagerNestedScrollConnection
androidx.compose.foundation.pager.DefaultPagerState$Companion$Saver$1
androidx.compose.foundation.pager.DefaultPagerState$Companion$Saver$2$1
androidx.compose.foundation.pager.DefaultPagerState$Companion$Saver$2
androidx.compose.foundation.pager.DefaultPagerState$Companion
androidx.compose.foundation.pager.DefaultPagerState
androidx.compose.foundation.pager.LazyLayoutPagerKt$Pager$2
androidx.compose.foundation.pager.LazyLayoutPagerKt$Pager$measurePolicy$1$1
androidx.compose.foundation.pager.LazyLayoutPagerKt$Pager$pagerItemProvider$1$1
androidx.compose.foundation.pager.LazyLayoutPagerKt$dragDirectionDetector$1$1$1
androidx.compose.foundation.pager.LazyLayoutPagerKt$dragDirectionDetector$1$1
androidx.compose.foundation.pager.LazyLayoutPagerKt$dragDirectionDetector$1
androidx.compose.foundation.pager.LazyLayoutPagerKt$rememberPagerItemProviderLambda$1$1
androidx.compose.foundation.pager.LazyLayoutPagerKt$rememberPagerItemProviderLambda$1$intervalContentState$1
androidx.compose.foundation.pager.LazyLayoutPagerKt$rememberPagerItemProviderLambda$1$itemProviderState$1
androidx.compose.foundation.pager.LazyLayoutPagerKt
androidx.compose.foundation.pager.LazyLayoutSemanticStateKt$LazyLayoutSemanticState$1
androidx.compose.foundation.pager.LazyLayoutSemanticStateKt
androidx.compose.foundation.pager.MeasuredPage
androidx.compose.foundation.pager.MeasuredPageKt
androidx.compose.foundation.pager.PageInfo
androidx.compose.foundation.pager.PageSize$Fill
androidx.compose.foundation.pager.PageSize$Fixed
androidx.compose.foundation.pager.PageSize
androidx.compose.foundation.pager.PagerBeyondBoundsModifierKt
androidx.compose.foundation.pager.PagerBeyondBoundsState
androidx.compose.foundation.pager.PagerBringIntoViewSpec
androidx.compose.foundation.pager.PagerDebugConfig
androidx.compose.foundation.pager.PagerDefaults$flingBehavior$2$snapLayoutInfoProvider$1
androidx.compose.foundation.pager.PagerDefaults
androidx.compose.foundation.pager.PagerIntervalContent
androidx.compose.foundation.pager.PagerKt$HorizontalPager$1
androidx.compose.foundation.pager.PagerKt$VerticalPager$1
androidx.compose.foundation.pager.PagerKt$pagerSemantics$1$1
androidx.compose.foundation.pager.PagerKt$pagerSemantics$1$2
androidx.compose.foundation.pager.PagerKt$pagerSemantics$1$3
androidx.compose.foundation.pager.PagerKt$pagerSemantics$1$4
androidx.compose.foundation.pager.PagerKt$pagerSemantics$1
androidx.compose.foundation.pager.PagerKt$pagerSemantics$performBackwardPaging$1
androidx.compose.foundation.pager.PagerKt$pagerSemantics$performForwardPaging$1
androidx.compose.foundation.pager.PagerKt
androidx.compose.foundation.pager.PagerLayoutInfo
androidx.compose.foundation.pager.PagerLayoutInfoKt
androidx.compose.foundation.pager.PagerLayoutIntervalContent
androidx.compose.foundation.pager.PagerLazyAnimateScrollScopeKt$PagerLazyAnimateScrollScope$1
androidx.compose.foundation.pager.PagerLazyAnimateScrollScopeKt
androidx.compose.foundation.pager.PagerLazyLayoutItemProvider$Item$1
androidx.compose.foundation.pager.PagerLazyLayoutItemProvider$Item$2
androidx.compose.foundation.pager.PagerLazyLayoutItemProvider
androidx.compose.foundation.pager.PagerMeasureKt$measurePager$14
androidx.compose.foundation.pager.PagerMeasureKt$measurePager$4
androidx.compose.foundation.pager.PagerMeasureKt$measurePager$extraPagesAfter$1
androidx.compose.foundation.pager.PagerMeasureKt$measurePager$extraPagesBefore$1
androidx.compose.foundation.pager.PagerMeasureKt